  priority_queue_test.cpp
C:\Users\Daniel Lieskovský\Desktop\auds\AUS_VS2019\structures\priority_queue\priority_queue_unsorted_array_list.h(72,1): warning C4267: 'initializing': conversion from 'size_t' to 'int', possible loss of data
C:\Users\Daniel Lieskovský\Desktop\auds\AUS_VS2019\structures\priority_queue\priority_queue_unsorted_array_list.h(65): message : while compiling class template member function 'T structures::PriorityQueueUnsortedArrayList<T>::pop(void)'
          with
          [
              T=int
          ]
C:\Users\Daniel Lieskovský\Desktop\auds\AUS_VS2019\tests\priority_queue\priority_queue_test.cpp(31): message : see reference to class template instantiation 'structures::PriorityQueueUnsortedArrayList<int>' being compiled
C:\Users\Daniel Lieskovský\Desktop\auds\AUS_VS2019\structures\priority_queue\priority_queue_sorted_array_list.h(64,1): warning C4267: 'initializing': conversion from 'size_t' to 'int', possible loss of data
C:\Users\Daniel Lieskovský\Desktop\auds\AUS_VS2019\structures\priority_queue\priority_queue_sorted_array_list.h(63): message : while compiling class template member function 'void structures::PriorityQueueSortedArrayList<int>::push(int,const T &)'
          with
          [
              T=int
          ]
C:\Users\Daniel Lieskovský\Desktop\auds\AUS_VS2019\tests\priority_queue\priority_queue_test.cpp(36): message : see reference to class template instantiation 'structures::PriorityQueueSortedArrayList<int>' being compiled
C:\Users\Daniel Lieskovský\Desktop\auds\AUS_VS2019\structures\priority_queue\priority_queue_sorted_array_list.h(85,1): warning C4267: 'return': conversion from 'size_t' to 'int', possible loss of data
C:\Users\Daniel Lieskovský\Desktop\auds\AUS_VS2019\structures\priority_queue\priority_queue_sorted_array_list.h(77): message : while compiling class template member function 'int structures::PriorityQueueSortedArrayList<int>::indexOfPeek(void)'
C:\Users\Daniel Lieskovský\Desktop\auds\AUS_VS2019\structures\priority_queue\heap.h(83,1): warning C4267: 'initializing': conversion from 'size_t' to 'int', possible loss of data
C:\Users\Daniel Lieskovský\Desktop\auds\AUS_VS2019\structures\priority_queue\heap.h(77): message : while compiling class template member function 'void structures::Heap<int>::push(int,const T &)'
          with
          [
              T=int
          ]
C:\Users\Daniel Lieskovský\Desktop\auds\AUS_VS2019\tests\priority_queue\priority_queue_test.cpp(56): message : see reference to class template instantiation 'structures::Heap<int>' being compiled
C:\Users\Daniel Lieskovský\Desktop\auds\AUS_VS2019\structures\priority_queue\heap.h(108,1): warning C4267: 'initializing': conversion from 'size_t' to 'int', possible loss of data
C:\Users\Daniel Lieskovský\Desktop\auds\AUS_VS2019\structures\priority_queue\heap.h(103): message : while compiling class template member function 'T structures::Heap<T>::pop(void)'
          with
          [
              T=int
          ]
C:\Users\Daniel Lieskovský\Desktop\auds\AUS_VS2019\structures\list\linked_list.h(355,15): warning C4189: 'result': local variable is initialized but not referenced
C:\Users\Daniel Lieskovský\Desktop\auds\AUS_VS2019\structures\list\linked_list.h(345): message : while compiling class template member function 'bool structures::LinkedList<structures::PriorityQueueItem<T> *>::tryRemove(structures::PriorityQueueItem<T> &)'
          with
          [
              T=int
          ]
C:\Users\Daniel Lieskovský\Desktop\auds\AUS_VS2019\structures\priority_queue\priority_queue_linked_list.h(34): message : see reference to class template instantiation 'structures::LinkedList<structures::PriorityQueueItem<T> *>' being compiled
          with
          [
              T=int
          ]
C:\Users\Daniel Lieskovský\Desktop\auds\AUS_VS2019\structures\priority_queue\priority_queue_linked_list.h(33): message : while compiling class template member function 'structures::PriorityQueueLinkedList<int>::PriorityQueueLinkedList(void)'
C:\Users\Daniel Lieskovský\Desktop\auds\AUS_VS2019\tests\priority_queue\priority_queue_test.cpp(46): message : see reference to function template instantiation 'structures::PriorityQueueLinkedList<int>::PriorityQueueLinkedList(void)' being compiled
C:\Users\Daniel Lieskovský\Desktop\auds\AUS_VS2019\tests\priority_queue\priority_queue_test.cpp(46): message : see reference to class template instantiation 'structures::PriorityQueueLinkedList<int>' being compiled
C:\Users\Daniel Lieskovský\Desktop\auds\AUS_VS2019\structures\list\array_list.h(199,1): warning C4267: 'argument': conversion from 'size_t' to 'int', possible loss of data
C:\Users\Daniel Lieskovský\Desktop\auds\AUS_VS2019\structures\list\array_list.h(185): message : while compiling class template member function 'bool structures::ArrayList<structures::PriorityQueueItem<T> *>::equals(structures::Structure &)'
          with
          [
              T=int
          ]
C:\Users\Daniel Lieskovský\Desktop\auds\AUS_VS2019\structures\priority_queue\priority_queue_unsorted_array_list.h(38): message : see reference to class template instantiation 'structures::ArrayList<structures::PriorityQueueItem<T> *>' being compiled
          with
          [
              T=int
          ]
C:\Users\Daniel Lieskovský\Desktop\auds\AUS_VS2019\structures\priority_queue\priority_queue_unsorted_array_list.h(37): message : while compiling class template member function 'structures::PriorityQueueUnsortedArrayList<int>::PriorityQueueUnsortedArrayList(void)'
C:\Users\Daniel Lieskovský\Desktop\auds\AUS_VS2019\tests\priority_queue\priority_queue_test.cpp(31): message : see reference to function template instantiation 'structures::PriorityQueueUnsortedArrayList<int>::PriorityQueueUnsortedArrayList(void)' being compiled
C:\Users\Daniel Lieskovský\Desktop\auds\AUS_VS2019\structures\list\array_list.h(234,1): warning C4267: 'argument': conversion from 'size_t' to 'int', possible loss of data
C:\Users\Daniel Lieskovský\Desktop\auds\AUS_VS2019\structures\list\array_list.h(227): message : while compiling class template member function 'void structures::ArrayList<structures::PriorityQueueItem<T> *>::add(structures::PriorityQueueItem<T> &)'
          with
          [
              T=int
          ]
C:\Users\Daniel Lieskovský\Desktop\auds\AUS_VS2019\structures\list\array_list.h(252,1): warning C4267: 'argument': conversion from 'size_t' to 'int', possible loss of data
C:\Users\Daniel Lieskovský\Desktop\auds\AUS_VS2019\structures\list\array_list.h(240): message : while compiling class template member function 'void structures::ArrayList<structures::PriorityQueueItem<T> *>::insert(structures::PriorityQueueItem<T> &,int)'
          with
          [
              T=int
          ]
C:\Users\Daniel Lieskovský\Desktop\auds\AUS_VS2019\structures\list\array_list.h(283,1): warning C4267: 'argument': conversion from 'size_t' to 'int', possible loss of data
C:\Users\Daniel Lieskovský\Desktop\auds\AUS_VS2019\structures\list\array_list.h(276): message : while compiling class template member function 'T structures::ArrayList<T>::removeAt(int)'
          with
          [
              T=structures::PriorityQueueItem<int> *
          ]
C:\Users\Daniel Lieskovský\Desktop\auds\AUS_VS2019\structures\list\array_list.h(270): message : see reference to function template instantiation 'T structures::ArrayList<T>::removeAt(int)' being compiled
          with
          [
              T=structures::PriorityQueueItem<int> *
          ]
C:\Users\Daniel Lieskovský\Desktop\auds\AUS_VS2019\structures\list\array_list.h(298,1): warning C4267: 'argument': conversion from 'size_t' to 'int', possible loss of data
C:\Users\Daniel Lieskovský\Desktop\auds\AUS_VS2019\structures\list\array_list.h(292): message : while compiling class template member function 'int structures::ArrayList<structures::PriorityQueueItem<T> *>::getIndexOf(structures::PriorityQueueItem<T> &)'
          with
          [
              T=int
          ]
C:\Users\Daniel Lieskovský\Desktop\auds\AUS_VS2019\structures\list\array_list.h(264): message : see reference to function template instantiation 'int structures::ArrayList<structures::PriorityQueueItem<T> *>::getIndexOf(structures::PriorityQueueItem<T> &)' being compiled
          with
          [
              T=int
          ]
C:\Users\Daniel Lieskovský\Desktop\auds\AUS_VS2019\structures\list\array_list.h(299,1): warning C4267: 'return': conversion from 'size_t' to 'int', possible loss of data
C:\Users\Daniel Lieskovský\Desktop\auds\AUS_VS2019\structures\list\array_list.h(329,1): warning C4267: 'argument': conversion from 'size_t' to 'int', possible loss of data
C:\Users\Daniel Lieskovský\Desktop\auds\AUS_VS2019\structures\list\array_list.h(325): message : while compiling class template member function 'structures::Iterator<T> *structures::ArrayList<T>::getEndIterator(void)'
          with
          [
              T=structures::PriorityQueueItem<int> *
          ]
C:\Users\Daniel Lieskovský\Desktop\auds\AUS_VS2019\structures\list\array_list.h(339,1): warning C4267: 'argument': conversion from 'size_t' to 'int', possible loss of data
C:\Users\Daniel Lieskovský\Desktop\auds\AUS_VS2019\structures\list\array_list.h(334): message : while compiling class template member function 'void structures::ArrayList<structures::PriorityQueueItem<T> *>::enlarge(void)'
          with
          [
              T=int
          ]
C:\Users\Daniel Lieskovský\Desktop\auds\AUS_VS2019\structures\list\array_list.h(232): message : see reference to function template instantiation 'void structures::ArrayList<structures::PriorityQueueItem<T> *>::enlarge(void)' being compiled
          with
          [
              T=int
          ]
C:\Users\Daniel Lieskovský\Desktop\auds\AUS_VS2019\structures\list\array_list.h(135): message : while compiling class template member function 'structures::ArrayList<structures::PriorityQueueItem<T> *>::ArrayList(void)'
          with
          [
              T=int
          ]
C:\Users\Daniel Lieskovský\Desktop\auds\AUS_VS2019\structures\priority_queue\priority_queue_unsorted_array_list.h(38): message : see reference to function template instantiation 'structures::ArrayList<structures::PriorityQueueItem<T> *>::ArrayList(void)' being compiled
          with
          [
              T=int
          ]
C:\Users\Daniel Lieskovský\Desktop\auds\AUS_VS2019\structures\list\array_list.h(211): warning C4702: unreachable code
C:\Users\Daniel Lieskovský\Desktop\auds\AUS_VS2019\structures\priority_queue\priority_queue_two_lists.h(143): warning C4715: 'structures::PriorityQueueTwoLists<int>::pop': not all control paths return a value
  csv_log_consumer.obj : MSIL module encountered; incremental linking is disabled for MSIL; performing full link
  AUSLite.vcxproj -> C:\Users\Daniel Lieskovský\Desktop\auds\AUS_VS2019\x64\Debug\DataStructures.exe
